app/build/outputs/logs/manifest-merger-debug-report.txt
-- Merging decision tree log ---
manifest
ADDED from src\main\AndroidManifest.xml:2:1-61:12
	package
		ADDED from src\main\AndroidManifest.xml:3:5-33
		INJECTED from src\main\AndroidManifest.xml
		INJECTED from src\main\AndroidManifest.xml
	android:versionName
		ADDED from src\main\AndroidManifest.xml:5:5-30
		INJECTED from src\main\AndroidManifest.xml
		INJECTED from src\main\AndroidManifest.xml
	android:versionCode
		ADDED from src\main\AndroidManifest.xml:4:5-28
		INJECTED from src\main\AndroidManifest.xml
		INJECTED from src\main\AndroidManifest.xml
	xmlns:android
		ADDED from src\main\AndroidManifest.xml:2:11-69
uses-sdk
ADDED from src\main\AndroidManifest.xml:7:5-9:41
	android:targetSdkVersion
		ADDED from src\main\AndroidManifest.xml:9:9-38
		INJECTED from src\main\AndroidManifest.xml
		INJECTED from src\main\AndroidManifest.xml
	android:minSdkVersion
		ADDED from src\main\AndroidManifest.xml:8:9-35
		INJECTED from src\main\AndroidManifest.xml
		INJECTED from src\main\AndroidManifest.xml
uses-permission#android.permission.INTERNET
ADDED from src\main\AndroidManifest.xml:11:5-13:38
	android:maxSdkVersion
		ADDED from src\main\AndroidManifest.xml:13:9-35
	android:name
		ADDED from src\main\AndroidManifest.xml:12:9-51
uses-permission#android.permission.ACCESS_NETWORK_STATE
ADDED from src\main\AndroidManifest.xml:14:5-16:38
	android:maxSdkVersion
		ADDED from src\main\AndroidManifest.xml:16:9-35
	android:name
		ADDED from src\main\AndroidManifest.xml:15:9-63
application
ADDED from src\main\AndroidManifest.xml:18:5-59:19
	android:label
		ADDED from src\main\AndroidManifest.xml:21:9-41
	android:allowBackup
		ADDED from src\main\AndroidManifest.xml:19:9-35
	android:icon
		ADDED from src\main\AndroidManifest.xml:20:9-45
	android:theme
		ADDED from src\main\AndroidManifest.xml:22:9-40
uses-library#android.test.runner
ADDED from src\main\AndroidManifest.xml:23:9-60
	android:name
		ADDED from src\main\AndroidManifest.xml:23:23-57
activity#com.peleton.cheque.LoginActivity
ADDED from src\main\AndroidManifest.xml:25:9-28:20
	android:label
		ADDED from src\main\AndroidManifest.xml:27:13-57
	android:name
		ADDED from src\main\AndroidManifest.xml:26:13-60
activity#com.peleton.cheque.SettingActivity
ADDED from src\main\AndroidManifest.xml:29:9-32:20
	android:label
		ADDED from src\main\AndroidManifest.xml:31:13-59
	android:name
		ADDED from src\main\AndroidManifest.xml:30:13-62
activity#com.peleton.cheque.MainActivity
ADDED from src\main\AndroidManifest.xml:33:9-42:20
	android:label
		ADDED from src\main\AndroidManifest.xml:36:13-56
	android:configChanges
		ADDED from src\main\AndroidManifest.xml:35:13-51
	android:name
		ADDED from src\main\AndroidManifest.xml:34:13-59
intent-filter#android.intent.action.MAIN+android.intent.category.LAUNCHER
ADDED from src\main\AndroidManifest.xml:37:13-41:29
action#android.intent.action.MAIN
ADDED from src\main\AndroidManifest.xml:38:17-69
	android:name
		ADDED from src\main\AndroidManifest.xml:38:25-66
category#android.intent.category.LAUNCHER
ADDED from src\main\AndroidManifest.xml:40:17-77
	android:name
		ADDED from src\main\AndroidManifest.xml:40:27-74
activity#com.peleton.cheque.SelectActivity
ADDED from src\main\AndroidManifest.xml:43:9-46:20
	android:label
		ADDED from src\main\AndroidManifest.xml:45:13-58
	android:name
		ADDED from src\main\AndroidManifest.xml:44:13-61
activity#com.peleton.cheque.InfoActivity
ADDED from src\main\AndroidManifest.xml:47:9-50:20
	android:label
		ADDED from src\main\AndroidManifest.xml:49:13-56
	android:name
		ADDED from src\main\AndroidManifest.xml:48:13-59
activity#com.peleton.cheque.SearchActivity
ADDED from src\main\AndroidManifest.xml:51:9-54:20
	android:label
		ADDED from src\main\AndroidManifest.xml:53:13-58
	android:name
		ADDED from src\main\AndroidManifest.xml:52:13-61
activity#com.peleton.cheque.ReviseActivity
ADDED from src\main\AndroidManifest.xml:55:9-58:20
	android:label
		ADDED from src\main\AndroidManifest.xml:57:13-58
	android:name
		ADDED from src\main\AndroidManifest.xml:56:13-61